Arguments: 
  /Users/jcanelis/.nvm/versions/node/v14.17.1/bin/node /usr/local/bin/yarn add styled-components

PATH: 
  /Users/jcanelis/.nvm/versions/node/v14.17.1/bin:/usr/local/bin:/usr/bin:/bin:/usr/sbin:/sbin:/usr/local/MacGPG2/bin:/Library/Apple/usr/bin

Yarn version: 
  1.22.10

Node version: 
  14.17.1

Platform: 
  darwin x64

Trace: 
  Error: ENOENT: no such file or directory, lstat '/Users/jcanelis/gatsby-contentful/node_modules/core-js-pure/features/array/virtual/splice.js'

npm manifest: 
  {
    "name": "gatsby-contentful",
    "version": "1.0.0",
    "private": true,
    "description": "gatsby-contentful",
    "author": "John Canelis",
    "keywords": [
      "gatsby"
    ],
    "scripts": {
      "dev": "gatsby develop",
      "build": "gatsby build",
      "lint": "eslint .",
      "serve": "gatsby serve",
      "clean": "gatsby clean"
    },
    "dependencies": {
      "babel-plugin-styled-components": "^1.13.3",
      "d3": "^7.1.1",
      "d3-geo": "^3.0.1",
      "gatsby": "^4.0.1",
      "gatsby-plugin-gatsby-cloud": "^4.0.0",
      "gatsby-plugin-google-gtag": "^4.0.0",
      "gatsby-plugin-image": "^2.0.0",
      "gatsby-plugin-manifest": "^4.0.0",
      "gatsby-plugin-offline": "^4.14.0",
      "gatsby-plugin-react-helmet": "^4.14.0",
      "gatsby-plugin-sharp": "^4.0.0",
      "gatsby-plugin-sitemap": "^4.10.0",
      "gatsby-plugin-styled-components": "^4.14.0",
      "gatsby-source-contentful": "^5.14.0",
      "gatsby-source-filesystem": "^3.14.0",
      "gatsby-transformer-sharp": "^3.14.0",
      "papaparse": "^5.3.1",
      "prop-types": "^15.7.2",
      "react": "^17.0.2",
      "react-dom": "^17.0.2",
      "react-helmet": "^6.1.0",
      "recharts": "^2.1.5",
      "styled-components": "^5.3.3",
      "topojson-client": "^3.1.0"
    },
    "devDependencies": {
      "eslint": "^7.32.0",
      "eslint-plugin-react": "^7.25.1",
      "prettier": "^2.3.2"
    }
  }

yarn manifest: 
  No manifest

Lockfile: 
  No lockfile
